<?xml version="1.0" encoding="UTF-8"?>
<testng-results skipped="0" failed="0" total="2" passed="2">
  <reporter-output>
  </reporter-output>
  <suite name="Suite" duration-ms="19" started-at="2018-05-09T08:07:03Z" finished-at="2018-05-09T08:07:03Z">
    <groups>
    </groups>
    <test name="Test" duration-ms="19" started-at="2018-05-09T08:07:03Z" finished-at="2018-05-09T08:07:03Z">
      <class name="mavenBuildDemo.Demo">
        <test-method status="PASS" signature="demoTest()[pri:0, instance:mavenBuildDemo.Demo@d7b1517]" name="demoTest" duration-ms="6" started-at="2018-05-09T03:07:03Z" finished-at="2018-05-09T03:07:03Z">
          <reporter-output>
          </reporter-output>
        </test-method> <!-- demoTest -->
        <test-method status="PASS" signature="demoTest2()[pri:0, instance:mavenBuildDemo.Demo@d7b1517]" name="demoTest2" duration-ms="1" started-at="2018-05-09T03:07:03Z" finished-at="2018-05-09T03:07:03Z">
          <reporter-output>
          </reporter-output>
        </test-method> <!-- demoTest2 -->
      </class> <!-- mavenBuildDemo.Demo -->
    </test> <!-- Test -->
  </suite> <!-- Suite -->
</testng-results>
