<?xml version="1.0" encoding="UTF-8"?>
<testng-results skipped="0" failed="0" total="1" passed="1">
  <reporter-output>
  </reporter-output>
  <suite name="Suite" duration-ms="10" started-at="2018-04-25T05:51:42Z" finished-at="2018-04-25T05:51:42Z">
    <groups>
    </groups>
    <test name="Test" duration-ms="10" started-at="2018-04-25T05:51:42Z" finished-at="2018-04-25T05:51:42Z">
      <class name="mavenBuildDemo.Demo">
        <test-method status="PASS" signature="demoTest()[pri:0, instance:mavenBuildDemo.Demo@d7b1517]" name="demoTest" duration-ms="3" started-at="2018-04-25T00:51:42Z" finished-at="2018-04-25T00:51:42Z">
          <reporter-output>
          </reporter-output>
        </test-method> <!-- demoTest -->
      </class> <!-- mavenBuildDemo.Demo -->
    </test> <!-- Test -->
  </suite> <!-- Suite -->
</testng-results>
