<?xml version="1.0" encoding="UTF-8"?>
<testng-results skipped="0" failed="0" total="1" passed="1">
  <reporter-output>
  </reporter-output>
  <suite name="Suite" duration-ms="28" started-at="2018-04-24T07:06:22Z" finished-at="2018-04-24T07:06:22Z">
    <groups>
    </groups>
    <test name="Test" duration-ms="28" started-at="2018-04-24T07:06:22Z" finished-at="2018-04-24T07:06:22Z">
      <class name="mavenBuildDemo.Demo">
        <test-method status="PASS" signature="demoTest()[pri:0, instance:mavenBuildDemo.Demo@6d78f375]" name="demoTest" duration-ms="12" started-at="2018-04-24T02:06:22Z" finished-at="2018-04-24T02:06:22Z">
          <reporter-output>
          </reporter-output>
        </test-method> <!-- demoTest -->
      </class> <!-- mavenBuildDemo.Demo -->
    </test> <!-- Test -->
  </suite> <!-- Suite -->
</testng-results>
