<?xml version="1.0" encoding="UTF-8"?>
<testng-results skipped="0" failed="0" total="2" passed="2">
  <reporter-output>
  </reporter-output>
  <suite name="Default suite" duration-ms="31" started-at="2018-04-26T04:40:23Z" finished-at="2018-04-26T04:40:23Z">
    <groups>
    </groups>
    <test name="Default test" duration-ms="31" started-at="2018-04-26T04:40:23Z" finished-at="2018-04-26T04:40:23Z">
      <class name="mavenBuildDemo.Demo">
        <test-method status="PASS" signature="demoTest()[pri:0, instance:mavenBuildDemo.Demo@6d78f375]" name="demoTest" duration-ms="0" started-at="2018-04-25T23:40:23Z" finished-at="2018-04-25T23:40:23Z">
          <reporter-output>
          </reporter-output>
        </test-method> <!-- demoTest -->
        <test-method status="PASS" signature="demoTest2()[pri:0, instance:mavenBuildDemo.Demo@6d78f375]" name="demoTest2" duration-ms="0" started-at="2018-04-25T23:40:23Z" finished-at="2018-04-25T23:40:23Z">
          <reporter-output>
          </reporter-output>
        </test-method> <!-- demoTest2 -->
      </class> <!-- mavenBuildDemo.Demo -->
    </test> <!-- Default test -->
  </suite> <!-- Default suite -->
</testng-results>
